<?xml version="1.0" encoding="UTF-8"?>
<!-- Generated by org.testng.reporters.JUnitXMLReporter -->
<testsuite ignored="0" hostname="Appy" failures="0" tests="3" name="ChromeTest" time="21.182" errors="0" timestamp="2024-04-03T12:32:29 IST">
  <testcase classname="Day12.parameterizationThroughXML" name="testHomePageTitle" time="0.03"/>
  <testcase classname="Day12.parameterizationThroughXML" name="testLogo" time="0.067"/>
  <testcase classname="Day12.parameterizationThroughXML" name="testLogin" time="2.22"/>
</testsuite> <!-- ChromeTest -->
