<?xml version="1.0" encoding="UTF-8"?>
<!-- Generated by org.testng.reporters.JUnitXMLReporter -->
<testsuite ignored="0" hostname="Appy" failures="0" tests="9" name="MyTest" time="11.941" errors="0" timestamp="2024-03-29T11:53:49 IST">
  <testcase classname="Day11.FirstTest" name="test1" time="0.021"/>
  <testcase classname="Day11.FirstTest" name="test2" time="0.005"/>
  <testcase classname="Day11.FirstTest" name="test3" time="0.004"/>
  <testcase classname="Day11.SecondTest" name="Login" time="0.003"/>
  <testcase classname="Day11.SecondTest" name="Search" time="0.001"/>
  <testcase classname="Day11.SecondTest" name="Logout" time="0.002"/>
  <testcase classname="Day11.ThirdTest" name="openApp" time="10.708"/>
  <testcase classname="Day11.ThirdTest" name="logIn" time="0.874"/>
  <testcase classname="Day11.ThirdTest" name="closeApp" time="0.233"/>
</testsuite> <!-- MyTest -->
