<?xml version="1.0" encoding="UTF-8"?>
<!-- Generated by org.testng.reporters.JUnitXMLReporter -->
<testsuite ignored="0" hostname="Appy" failures="0" tests="5" name="Test3" time="0.051" errors="0" timestamp="2024-04-01T11:02:43 IST">
  <testcase classname="Day12.Annotations" name="Search" time="0.015"/>
  <testcase classname="Day12.Annotations" name="advancedSearch" time="0.002"/>
  <testcase classname="Day12.SecondTest" name="Login" time="0.002"/>
  <testcase classname="Day12.SecondTest" name="Search" time="0.001"/>
  <testcase classname="Day12.SecondTest" name="Logout" time="0.001"/>
</testsuite> <!-- Test3 -->
