<?xml version="1.0" encoding="UTF-8"?>
<!-- Generated by org.testng.reporters.JUnitXMLReporter -->
<testsuite ignored="0" hostname="Appy" failures="0" tests="6" name="MyTest" time="15.636" errors="0" timestamp="2024-03-29T12:08:54 IST">
  <testcase classname="Day11.FirstTest" name="test1" time="0.032"/>
  <testcase classname="Day11.FirstTest" name="test2" time="0.003"/>
  <testcase classname="Day11.FirstTest" name="test3" time="0.005"/>
  <testcase classname="Day11.ThirdTest" name="openApp" time="12.187"/>
  <testcase classname="Day11.ThirdTest" name="logIn" time="2.939"/>
  <testcase classname="Day11.ThirdTest" name="closeApp" time="0.348"/>
</testsuite> <!-- MyTest -->
