<?xml version="1.0" encoding="UTF-8"?>
<testng-results ignored="0" total="3" passed="3" failed="0" skipped="0">
  <reporter-output>
  </reporter-output>
  <suite started-at="2024-04-08T12:14:37 IST" name="Suite" finished-at="2024-04-08T12:14:46 IST" duration-ms="8813">
    <groups>
    </groups>
    <test started-at="2024-04-08T12:14:37 IST" name="Test" finished-at="2024-04-08T12:14:46 IST" duration-ms="8813">
      <class name="Day11.ThirdTest">
        <test-method signature="openApp()[pri:10, instance:Day11.ThirdTest@6973b51b]" started-at="2024-04-08T12:14:37 IST" name="openApp" finished-at="2024-04-08T12:14:44 IST" duration-ms="7034" status="PASS">
          <reporter-output>
          </reporter-output>
        </test-method> <!-- openApp -->
        <test-method signature="logIn()[pri:20, instance:Day11.ThirdTest@6973b51b]" started-at="2024-04-08T12:14:44 IST" name="logIn" finished-at="2024-04-08T12:14:45 IST" duration-ms="1302" status="PASS">
          <reporter-output>
          </reporter-output>
        </test-method> <!-- logIn -->
        <test-method signature="closeApp()[pri:30, instance:Day11.ThirdTest@6973b51b]" started-at="2024-04-08T12:14:45 IST" name="closeApp" finished-at="2024-04-08T12:14:46 IST" duration-ms="352" status="PASS">
          <reporter-output>
          </reporter-output>
        </test-method> <!-- closeApp -->
      </class> <!-- Day11.ThirdTest -->
    </test> <!-- Test -->
  </suite> <!-- Suite -->
</testng-results>
