<?xml version="1.0" encoding="UTF-8"?>
<testng-results ignored="0" total="3" passed="3" failed="0" skipped="0">
  <reporter-output>
  </reporter-output>
  <suite started-at="2024-04-08T10:55:17 IST" name="Suite" finished-at="2024-04-08T10:55:41 IST" duration-ms="23282">
    <groups>
    </groups>
    <test started-at="2024-04-08T10:55:17 IST" name="Test" finished-at="2024-04-08T10:55:41 IST" duration-ms="23282">
      <class name="Day11.ThirdTest">
        <test-method signature="openApp()[pri:10, instance:Day11.ThirdTest@61862a7f]" started-at="2024-04-08T10:55:18 IST" name="openApp" finished-at="2024-04-08T10:55:39 IST" duration-ms="21072" status="PASS">
          <reporter-output>
          </reporter-output>
        </test-method> <!-- openApp -->
        <test-method signature="logIn()[pri:20, instance:Day11.ThirdTest@61862a7f]" started-at="2024-04-08T10:55:39 IST" name="logIn" finished-at="2024-04-08T10:55:40 IST" duration-ms="1555" status="PASS">
          <reporter-output>
          </reporter-output>
        </test-method> <!-- logIn -->
        <test-method signature="closeApp()[pri:30, instance:Day11.ThirdTest@61862a7f]" started-at="2024-04-08T10:55:40 IST" name="closeApp" finished-at="2024-04-08T10:55:41 IST" duration-ms="490" status="PASS">
          <reporter-output>
          </reporter-output>
        </test-method> <!-- closeApp -->
      </class> <!-- Day11.ThirdTest -->
    </test> <!-- Test -->
  </suite> <!-- Suite -->
</testng-results>
